[log4j_chatline][INFO] [2016-07-07 14:09:35] org.springframework.test.context.support.AbstractTestContextBootstrapper.getDefaultTestExecutionListenerClassNames(256) | Loaded default TestExecutionListener class names from location [META-INF/spring.factories]: [org.springframework.test.context.web.ServletTestExecutionListener, org.springframework.test.context.support.DependencyInjectionTestExecutionListener, org.springframework.test.context.support.DirtiesContextTestExecutionListener, org.springframework.test.context.transaction.TransactionalTestExecutionListener, org.springframework.test.context.jdbc.SqlScriptsTestExecutionListener]
[log4j_chatline][INFO] [2016-07-07 14:09:35] org.springframework.test.context.support.AbstractTestContextBootstrapper.getTestExecutionListeners(182) | Using TestExecutionListeners: [org.springframework.test.context.web.ServletTestExecutionListener@d3f7a0, org.springframework.test.context.support.DependencyInjectionTestExecutionListener@266966, org.springframework.test.context.support.DirtiesContextTestExecutionListener@1d1c871, org.springframework.test.context.transaction.TransactionalTestExecutionListener@1be7ff5, org.springframework.test.context.jdbc.SqlScriptsTestExecutionListener@1c2bc0d]
[log4j_chatline][INFO] [2016-07-07 14:09:35] org.springframework.beans.factory.xml.XmlBeanDefinitionReader.loadBeanDefinitions(317) | Loading XML bean definitions from URL [file:/D:/%e5%ad%a6%e6%a0%a1/%e5%a4%a7%e4%b8%89%e4%b8%8b/%e9%9d%a2%e5%90%91%e9%a2%86%e5%9f%9f%e5%ae%9e%e8%b7%b52/%e9%a1%b9%e7%9b%ae/chatLine/target/classes/spring.xml]
[log4j_chatline][INFO] [2016-07-07 14:09:36] org.springframework.beans.factory.xml.XmlBeanDefinitionReader.loadBeanDefinitions(317) | Loading XML bean definitions from URL [file:/D:/%e5%ad%a6%e6%a0%a1/%e5%a4%a7%e4%b8%89%e4%b8%8b/%e9%9d%a2%e5%90%91%e9%a2%86%e5%9f%9f%e5%ae%9e%e8%b7%b52/%e9%a1%b9%e7%9b%ae/chatLine/target/classes/spring-hibernate.xml]
[log4j_chatline][INFO] [2016-07-07 14:09:36] org.springframework.context.support.AbstractApplicationContext.prepareRefresh(510) | Refreshing org.springframework.context.support.GenericApplicationContext@1f3ed7f: startup date [Thu Jul 07 14:09:36 CST 2016]; root of context hierarchy
[log4j_chatline][INFO] [2016-07-07 14:09:36] org.springframework.core.io.support.PropertiesLoaderSupport.loadProperties(172) | Loading properties file from class path resource [config.properties]
[log4j_chatline][INFO] [2016-07-07 14:09:38] com.alibaba.druid.pool.DruidDataSource.init(669) | {dataSource-1} inited
[log4j_chatline][INFO] [2016-07-07 14:09:39] org.hibernate.annotations.common.reflection.java.JavaReflectionManager.<clinit>(66) | HCANN000001: Hibernate Commons Annotations {4.0.5.Final}
[log4j_chatline][INFO] [2016-07-07 14:09:39] org.hibernate.Version.logVersion(54) | HHH000412: Hibernate Core {4.3.8.Final}
[log4j_chatline][INFO] [2016-07-07 14:09:39] org.hibernate.cfg.Environment.<clinit>(239) | HHH000206: hibernate.properties not found
[log4j_chatline][INFO] [2016-07-07 14:09:39] org.hibernate.cfg.Environment.buildBytecodeProvider(346) | HHH000021: Bytecode provider name : javassist
[log4j_chatline][INFO] [2016-07-07 14:09:41] org.hibernate.dialect.Dialect.<init>(145) | HHH000400: Using dialect: org.hibernate.dialect.MySQLDialect
[log4j_chatline][INFO] [2016-07-07 14:09:41] org.hibernate.engine.transaction.internal.TransactionFactoryInitiator.initiateService(62) | HHH000399: Using default transaction strategy (direct JDBC transactions)
[log4j_chatline][INFO] [2016-07-07 14:09:41] org.hibernate.hql.internal.ast.ASTQueryTranslatorFactory.<init>(47) | HHH000397: Using ASTQueryTranslatorFactory
[log4j_chatline][INFO] [2016-07-07 14:09:43] org.hibernate.tool.hbm2ddl.SchemaUpdate.execute(207) | HHH000228: Running hbm2ddl schema update
[log4j_chatline][INFO] [2016-07-07 14:09:43] org.hibernate.tool.hbm2ddl.SchemaUpdate.execute(218) | HHH000102: Fetching database metadata
[log4j_chatline][INFO] [2016-07-07 14:09:43] org.hibernate.tool.hbm2ddl.SchemaUpdate.execute(230) | HHH000396: Updating schema
[log4j_chatline][INFO] [2016-07-07 14:09:43] org.hibernate.tool.hbm2ddl.DatabaseMetadata.getTableMetadata(147) | HHH000262: Table not found: ChatMes
[log4j_chatline][INFO] [2016-07-07 14:09:43] org.hibernate.tool.hbm2ddl.DatabaseMetadata.getTableMetadata(147) | HHH000262: Table not found: Salesman
[log4j_chatline][INFO] [2016-07-07 14:09:43] org.hibernate.tool.hbm2ddl.DatabaseMetadata.getTableMetadata(147) | HHH000262: Table not found: ChatMes
[log4j_chatline][INFO] [2016-07-07 14:09:43] org.hibernate.tool.hbm2ddl.DatabaseMetadata.getTableMetadata(147) | HHH000262: Table not found: Salesman
[log4j_chatline][INFO] [2016-07-07 14:09:43] org.hibernate.tool.hbm2ddl.DatabaseMetadata.getTableMetadata(147) | HHH000262: Table not found: ChatMes
[log4j_chatline][INFO] [2016-07-07 14:09:43] org.hibernate.tool.hbm2ddl.DatabaseMetadata.getTableMetadata(147) | HHH000262: Table not found: Salesman
[log4j_chatline][INFO] [2016-07-07 14:09:45] org.hibernate.tool.hbm2ddl.SchemaUpdate.execute(267) | HHH000232: Schema update complete
[log4j_chatline][INFO] [2016-07-07 14:09:45] org.springframework.orm.hibernate4.HibernateTransactionManager.afterPropertiesSet(360) | Using DataSource [{
	CreateTime:"2016-07-07 14:09:37",
	ActiveCount:0,
	PoolingCount:1,
	CreateCount:1,
	DestroyCount:0,
	CloseCount:2,
	ConnectCount:2,
	Connections:[
		{ID:6188801, ConnectTime:"2016-07-07 14:09:41", UseCount:2, LastActiveTime:"2016-07-07 14:09:45"}
	]
}

[
	{
	ID:6188801, 
	poolStatements:[
		]
	}
]] of Hibernate SessionFactory for HibernateTransactionManager
[log4j_chatline][INFO] [2016-07-07 14:09:45] org.springframework.test.context.transaction.TransactionContext.startTransaction(101) | Began transaction (1) for test context [DefaultTestContext@d33e4f testClass = TestChatMesDao, testInstance = com.bupt.chatline.dao.TestChatMesDao@9ff595, testMethod = test@TestChatMesDao, testException = [null], mergedContextConfiguration = [MergedContextConfiguration@1b439bb testClass = TestChatMesDao, locations = '{classpath*:spring.xml, classpath*:spring-hibernate.xml}', classes = '{}', contextInitializerClasses = '[]', activeProfiles = '{}', propertySourceLocations = '{}', propertySourceProperties = '{}', contextLoader = 'org.springframework.test.context.support.DelegatingSmartContextLoader', parent = [null]]]; transaction manager [org.springframework.orm.hibernate4.HibernateTransactionManager@13a50f8]; rollback [true]
[log4j_chatline][INFO] [2016-07-07 14:09:46] org.springframework.test.context.transaction.TransactionContext.endTransaction(136) | Rolled back transaction for test context [DefaultTestContext@d33e4f testClass = TestChatMesDao, testInstance = com.bupt.chatline.dao.TestChatMesDao@9ff595, testMethod = test@TestChatMesDao, testException = [null], mergedContextConfiguration = [MergedContextConfiguration@1b439bb testClass = TestChatMesDao, locations = '{classpath*:spring.xml, classpath*:spring-hibernate.xml}', classes = '{}', contextInitializerClasses = '[]', activeProfiles = '{}', propertySourceLocations = '{}', propertySourceProperties = '{}', contextLoader = 'org.springframework.test.context.support.DelegatingSmartContextLoader', parent = [null]]].
[log4j_chatline][INFO] [2016-07-07 14:09:46] org.springframework.test.context.support.AbstractTestContextBootstrapper.getDefaultTestExecutionListenerClassNames(256) | Loaded default TestExecutionListener class names from location [META-INF/spring.factories]: [org.springframework.test.context.web.ServletTestExecutionListener, org.springframework.test.context.support.DependencyInjectionTestExecutionListener, org.springframework.test.context.support.DirtiesContextTestExecutionListener, org.springframework.test.context.transaction.TransactionalTestExecutionListener, org.springframework.test.context.jdbc.SqlScriptsTestExecutionListener]
[log4j_chatline][INFO] [2016-07-07 14:09:46] org.springframework.test.context.support.AbstractTestContextBootstrapper.getTestExecutionListeners(182) | Using TestExecutionListeners: [org.springframework.test.context.web.ServletTestExecutionListener@193111, org.springframework.test.context.support.DependencyInjectionTestExecutionListener@1e473f7, org.springframework.test.context.support.DirtiesContextTestExecutionListener@17978c5, org.springframework.test.context.transaction.TransactionalTestExecutionListener@1e7e2c8, org.springframework.test.context.jdbc.SqlScriptsTestExecutionListener@d9ecbc]
[log4j_chatline][INFO] [2016-07-07 14:09:46] org.springframework.test.context.transaction.TransactionContext.startTransaction(101) | Began transaction (1) for test context [DefaultTestContext@dcbd5b testClass = TestSalesmanDao, testInstance = com.bupt.chatline.dao.TestSalesmanDao@13d82c, testMethod = test@TestSalesmanDao, testException = [null], mergedContextConfiguration = [MergedContextConfiguration@d55298 testClass = TestSalesmanDao, locations = '{classpath*:spring.xml, classpath*:spring-hibernate.xml}', classes = '{}', contextInitializerClasses = '[]', activeProfiles = '{}', propertySourceLocations = '{}', propertySourceProperties = '{}', contextLoader = 'org.springframework.test.context.support.DelegatingSmartContextLoader', parent = [null]]]; transaction manager [org.springframework.orm.hibernate4.HibernateTransactionManager@13a50f8]; rollback [true]
[log4j_chatline][INFO] [2016-07-07 14:09:47] org.springframework.test.context.transaction.TransactionContext.endTransaction(136) | Rolled back transaction for test context [DefaultTestContext@dcbd5b testClass = TestSalesmanDao, testInstance = com.bupt.chatline.dao.TestSalesmanDao@13d82c, testMethod = test@TestSalesmanDao, testException = [null], mergedContextConfiguration = [MergedContextConfiguration@d55298 testClass = TestSalesmanDao, locations = '{classpath*:spring.xml, classpath*:spring-hibernate.xml}', classes = '{}', contextInitializerClasses = '[]', activeProfiles = '{}', propertySourceLocations = '{}', propertySourceProperties = '{}', contextLoader = 'org.springframework.test.context.support.DelegatingSmartContextLoader', parent = [null]]].
[log4j_chatline][INFO] [2016-07-07 14:09:47] org.springframework.context.support.AbstractApplicationContext.doClose(862) | Closing org.springframework.context.support.GenericApplicationContext@1f3ed7f: startup date [Thu Jul 07 14:09:36 CST 2016]; root of context hierarchy
[log4j_chatline][INFO] [2016-07-07 14:09:47] com.alibaba.druid.pool.DruidDataSource.close(1385) | {dataSource-1} closed
